{"/home/luisgustavom1/my-projects/tdd-clean-architecture-solid/src/data/protocols/http/http-response.ts": {"path":"/home/luisgustavom1/my-projects/tdd-clean-architecture-solid/src/data/protocols/http/http-response.ts","statementMap":{"0":{"start":{"line":1,"column":0},"end":{"line":1,"column":null}},"1":{"start":{"line":2,"column":4},"end":{"line":2,"column":null}},"2":{"start":{"line":3,"column":4},"end":{"line":3,"column":null}},"3":{"start":{"line":4,"column":4},"end":{"line":4,"column":null}},"4":{"start":{"line":5,"column":4},"end":{"line":5,"column":null}},"5":{"start":{"line":6,"column":4},"end":{"line":6,"column":null}},"6":{"start":{"line":7,"column":4},"end":{"line":7,"column":null}}},"fnMap":{"0":{"name":"(anonymous_0)","decl":{"start":{"line":1,"column":0},"end":{"line":1,"column":12}},"loc":{"start":{"line":1,"column":24},"end":{"line":8,"column":1}}}},"branchMap":{"0":{"loc":{"start":{"line":1,"column":12},"end":{"line":1,"column":null}},"type":"binary-expr","locations":[{"start":{"line":1,"column":12},"end":{"line":1,"column":24}},{"start":{"line":1,"column":12},"end":{"line":1,"column":null}}]}},"s":{"0":2,"1":2,"2":2,"3":2,"4":2,"5":2,"6":2},"f":{"0":2},"b":{"0":[2,2]}}
,"/home/luisgustavom1/my-projects/tdd-clean-architecture-solid/src/data/protocols/http/index.ts": {"path":"/home/luisgustavom1/my-projects/tdd-clean-architecture-solid/src/data/protocols/http/index.ts","statementMap":{"0":{"start":{"line":1,"column":0},"end":{"line":1,"column":34}},"1":{"start":{"line":2,"column":0},"end":{"line":2,"column":31}}},"fnMap":{},"branchMap":{},"s":{"0":2,"1":2},"f":{},"b":{}}
,"/home/luisgustavom1/my-projects/tdd-clean-architecture-solid/src/data/test/index.ts": {"path":"/home/luisgustavom1/my-projects/tdd-clean-architecture-solid/src/data/test/index.ts","statementMap":{"0":{"start":{"line":1,"column":0},"end":{"line":1,"column":34}},"1":{"start":{"line":2,"column":0},"end":{"line":2,"column":32}}},"fnMap":{},"branchMap":{},"s":{"0":2,"1":2},"f":{},"b":{}}
,"/home/luisgustavom1/my-projects/tdd-clean-architecture-solid/src/data/test/mock-http-client.ts": {"path":"/home/luisgustavom1/my-projects/tdd-clean-architecture-solid/src/data/test/mock-http-client.ts","statementMap":{"0":{"start":{"line":1,"column":0},"end":{"line":1,"column":99}},"1":{"start":{"line":6,"column":4},"end":{"line":8,"column":null}},"2":{"start":{"line":10,"column":8},"end":{"line":10,"column":null}},"3":{"start":{"line":11,"column":8},"end":{"line":11,"column":null}},"4":{"start":{"line":13,"column":8},"end":{"line":13,"column":null}},"5":{"start":{"line":3,"column":0},"end":{"line":3,"column":13}}},"fnMap":{"0":{"name":"(anonymous_7)","decl":{"start":{"line":3,"column":0},"end":{"line":3,"column":13}},"loc":{"start":{"line":3,"column":0},"end":{"line":15,"column":1}}},"1":{"name":"(anonymous_8)","decl":{"start":{"line":9,"column":10},"end":{"line":9,"column":14}},"loc":{"start":{"line":9,"column":47},"end":{"line":14,"column":null}}}},"branchMap":{},"s":{"0":2,"1":7,"2":7,"3":7,"4":7,"5":2},"f":{"0":7,"1":7},"b":{}}
,"/home/luisgustavom1/my-projects/tdd-clean-architecture-solid/src/data/test/mock-http-post.ts": {"path":"/home/luisgustavom1/my-projects/tdd-clean-architecture-solid/src/data/test/mock-http-post.ts","statementMap":{"0":{"start":{"line":1,"column":0},"end":{"line":1,"column":35}},"1":{"start":{"line":4,"column":31},"end":{"line":9,"column":2}},"2":{"start":{"line":4,"column":59},"end":{"line":9,"column":2}},"3":{"start":{"line":4,"column":13},"end":{"line":4,"column":31}}},"fnMap":{"0":{"name":"(anonymous_1)","decl":{"start":{"line":4,"column":31},"end":{"line":4,"column":55}},"loc":{"start":{"line":4,"column":59},"end":{"line":9,"column":2}}}},"branchMap":{},"s":{"0":2,"1":2,"2":3,"3":2},"f":{"0":3},"b":{}}
,"/home/luisgustavom1/my-projects/tdd-clean-architecture-solid/src/data/usecases/authentication/remote-authentication.ts": {"path":"/home/luisgustavom1/my-projects/tdd-clean-architecture-solid/src/data/usecases/authentication/remote-authentication.ts","statementMap":{"0":{"start":{"line":1,"column":0},"end":{"line":1,"column":68}},"1":{"start":{"line":2,"column":0},"end":{"line":2,"column":83}},"2":{"start":{"line":3,"column":0},"end":{"line":3,"column":66}},"3":{"start":{"line":9,"column":25},"end":{"line":9,"column":36}},"4":{"start":{"line":10,"column":25},"end":{"line":10,"column":91}},"5":{"start":{"line":14,"column":29},"end":{"line":17,"column":10}},"6":{"start":{"line":19,"column":8},"end":{"line":24,"column":null}},"7":{"start":{"line":20,"column":34},"end":{"line":20,"column":null}},"8":{"start":{"line":21,"column":43},"end":{"line":21,"column":null}},"9":{"start":{"line":23,"column":21},"end":{"line":23,"column":null}},"10":{"start":{"line":28,"column":0},"end":{"line":28,"column":null}}},"fnMap":{"0":{"name":"(anonymous_7)","decl":{"start":{"line":8,"column":4},"end":{"line":8,"column":null}},"loc":{"start":{"line":10,"column":91},"end":{"line":11,"column":9}}},"1":{"name":"(anonymous_8)","decl":{"start":{"line":13,"column":10},"end":{"line":13,"column":14}},"loc":{"start":{"line":13,"column":43},"end":{"line":25,"column":null}}}},"branchMap":{"0":{"loc":{"start":{"line":19,"column":8},"end":{"line":24,"column":null}},"type":"switch","locations":[{"start":{"line":20,"column":12},"end":{"line":20,"column":null}},{"start":{"line":21,"column":12},"end":{"line":21,"column":null}},{"start":{"line":23,"column":12},"end":{"line":23,"column":null}}]}},"s":{"0":1,"1":1,"2":1,"3":7,"4":7,"5":7,"6":7,"7":3,"8":1,"9":3,"10":1},"f":{"0":7,"1":7},"b":{"0":[3,1,3]}}
,"/home/luisgustavom1/my-projects/tdd-clean-architecture-solid/src/domain/errors/index.ts": {"path":"/home/luisgustavom1/my-projects/tdd-clean-architecture-solid/src/domain/errors/index.ts","statementMap":{"0":{"start":{"line":1,"column":0},"end":{"line":1,"column":43}},"1":{"start":{"line":2,"column":0},"end":{"line":2,"column":34}}},"fnMap":{},"branchMap":{},"s":{"0":2,"1":2},"f":{},"b":{}}
,"/home/luisgustavom1/my-projects/tdd-clean-architecture-solid/src/domain/errors/invalid-credentials-error.ts": {"path":"/home/luisgustavom1/my-projects/tdd-clean-architecture-solid/src/domain/errors/invalid-credentials-error.ts","statementMap":{"0":{"start":{"line":3,"column":8},"end":{"line":3,"column":null}},"1":{"start":{"line":4,"column":8},"end":{"line":4,"column":null}},"2":{"start":{"line":1,"column":0},"end":{"line":1,"column":13}}},"fnMap":{"0":{"name":"(anonymous_0)","decl":{"start":{"line":2,"column":4},"end":{"line":2,"column":null}},"loc":{"start":{"line":2,"column":4},"end":{"line":5,"column":5}}}},"branchMap":{},"s":{"0":3,"1":3,"2":2},"f":{"0":3},"b":{}}
,"/home/luisgustavom1/my-projects/tdd-clean-architecture-solid/src/domain/errors/unexpected-error.ts": {"path":"/home/luisgustavom1/my-projects/tdd-clean-architecture-solid/src/domain/errors/unexpected-error.ts","statementMap":{"0":{"start":{"line":3,"column":8},"end":{"line":3,"column":null}},"1":{"start":{"line":4,"column":8},"end":{"line":4,"column":null}},"2":{"start":{"line":1,"column":0},"end":{"line":1,"column":13}}},"fnMap":{"0":{"name":"(anonymous_0)","decl":{"start":{"line":2,"column":4},"end":{"line":2,"column":null}},"loc":{"start":{"line":2,"column":4},"end":{"line":5,"column":5}}}},"branchMap":{},"s":{"0":6,"1":6,"2":2},"f":{"0":6},"b":{}}
,"/home/luisgustavom1/my-projects/tdd-clean-architecture-solid/src/domain/test/index.ts": {"path":"/home/luisgustavom1/my-projects/tdd-clean-architecture-solid/src/domain/test/index.ts","statementMap":{"0":{"start":{"line":1,"column":0},"end":{"line":1,"column":30}}},"fnMap":{},"branchMap":{},"s":{"0":1},"f":{},"b":{}}
,"/home/luisgustavom1/my-projects/tdd-clean-architecture-solid/src/domain/test/mock-account.ts": {"path":"/home/luisgustavom1/my-projects/tdd-clean-architecture-solid/src/domain/test/mock-account.ts","statementMap":{"0":{"start":{"line":2,"column":0},"end":{"line":2,"column":36}},"1":{"start":{"line":5,"column":34},"end":{"line":8,"column":2}},"2":{"start":{"line":5,"column":63},"end":{"line":8,"column":2}},"3":{"start":{"line":5,"column":13},"end":{"line":5,"column":34}},"4":{"start":{"line":10,"column":32},"end":{"line":12,"column":2}},"5":{"start":{"line":10,"column":53},"end":{"line":12,"column":2}},"6":{"start":{"line":10,"column":13},"end":{"line":10,"column":32}}},"fnMap":{"0":{"name":"(anonymous_1)","decl":{"start":{"line":5,"column":34},"end":{"line":5,"column":59}},"loc":{"start":{"line":5,"column":63},"end":{"line":8,"column":2}}},"1":{"name":"(anonymous_2)","decl":{"start":{"line":10,"column":32},"end":{"line":10,"column":49}},"loc":{"start":{"line":10,"column":53},"end":{"line":12,"column":2}}}},"branchMap":{},"s":{"0":2,"1":2,"2":7,"3":2,"4":2,"5":14,"6":2},"f":{"0":7,"1":14},"b":{}}
,"/home/luisgustavom1/my-projects/tdd-clean-architecture-solid/src/infra/http/axios-http-client/axios-http-client.ts": {"path":"/home/luisgustavom1/my-projects/tdd-clean-architecture-solid/src/infra/http/axios-http-client/axios-http-client.ts","statementMap":{"0":{"start":{"line":2,"column":0},"end":{"line":2,"column":45}},"1":{"start":{"line":8,"column":8},"end":{"line":13,"column":null}},"2":{"start":{"line":9,"column":12},"end":{"line":9,"column":null}},"3":{"start":{"line":12,"column":12},"end":{"line":12,"column":42}},"4":{"start":{"line":15,"column":8},"end":{"line":18,"column":null}},"5":{"start":{"line":4,"column":0},"end":{"line":4,"column":13}}},"fnMap":{"0":{"name":"(anonymous_8)","decl":{"start":{"line":5,"column":10},"end":{"line":5,"column":14}},"loc":{"start":{"line":5,"column":42},"end":{"line":19,"column":null}}}},"branchMap":{},"s":{"0":1,"1":3,"2":3,"3":1,"4":3,"5":1},"f":{"0":3},"b":{}}
,"/home/luisgustavom1/my-projects/tdd-clean-architecture-solid/src/infra/http/test/index.ts": {"path":"/home/luisgustavom1/my-projects/tdd-clean-architecture-solid/src/infra/http/test/index.ts","statementMap":{"0":{"start":{"line":1,"column":0},"end":{"line":1,"column":28}}},"fnMap":{},"branchMap":{},"s":{"0":1},"f":{},"b":{}}
,"/home/luisgustavom1/my-projects/tdd-clean-architecture-solid/src/infra/http/test/mock-axios.ts": {"path":"/home/luisgustavom1/my-projects/tdd-clean-architecture-solid/src/infra/http/test/mock-axios.ts","statementMap":{"0":{"start":{"line":1,"column":0},"end":{"line":1,"column":25}},"1":{"start":{"line":2,"column":0},"end":{"line":2,"column":35}},"2":{"start":{"line":4,"column":32},"end":{"line":9,"column":2}},"3":{"start":{"line":4,"column":39},"end":{"line":9,"column":2}},"4":{"start":{"line":4,"column":13},"end":{"line":4,"column":32}},"5":{"start":{"line":11,"column":25},"end":{"line":17,"column":1}},"6":{"start":{"line":12,"column":24},"end":{"line":12,"column":58}},"7":{"start":{"line":14,"column":4},"end":{"line":14,"column":null}},"8":{"start":{"line":16,"column":4},"end":{"line":16,"column":23}},"9":{"start":{"line":11,"column":13},"end":{"line":11,"column":25}}},"fnMap":{"0":{"name":"(anonymous_1)","decl":{"start":{"line":4,"column":32},"end":{"line":4,"column":35}},"loc":{"start":{"line":4,"column":39},"end":{"line":9,"column":2}}},"1":{"name":"(anonymous_2)","decl":{"start":{"line":11,"column":25},"end":{"line":11,"column":55}},"loc":{"start":{"line":11,"column":57},"end":{"line":17,"column":1}}}},"branchMap":{},"s":{"0":1,"1":1,"2":1,"3":4,"4":1,"5":1,"6":3,"7":3,"8":3,"9":1},"f":{"0":4,"1":3},"b":{}}
,"/home/luisgustavom1/my-projects/tdd-clean-architecture-solid/src/presentation/components/button/index.tsx": {"path":"/home/luisgustavom1/my-projects/tdd-clean-architecture-solid/src/presentation/components/button/index.tsx","statementMap":{"0":{"start":{"line":1,"column":0},"end":{"line":1,"column":66}},"1":{"start":{"line":2,"column":0},"end":{"line":2,"column":35}},"2":{"start":{"line":9,"column":15},"end":{"line":13,"column":null}},"3":{"start":{"line":9,"column":35},"end":{"line":9,"column":40}},"4":{"start":{"line":9,"column":44},"end":{"line":9,"column":59}},"5":{"start":{"line":9,"column":64},"end":{"line":13,"column":null}},"6":{"start":{"line":15,"column":0},"end":{"line":15,"column":22}}},"fnMap":{"0":{"name":"(anonymous_2)","decl":{"start":{"line":9,"column":15},"end":{"line":9,"column":16}},"loc":{"start":{"line":9,"column":63},"end":{"line":13,"column":null}}}},"branchMap":{"0":{"loc":{"start":{"line":10,"column":23},"end":{"line":10,"column":79}},"type":"cond-expr","locations":[{"start":{"line":10,"column":48},"end":{"line":10,"column":63}},{"start":{"line":10,"column":66},"end":{"line":10,"column":79}}]}},"s":{"0":1,"1":1,"2":1,"3":144,"4":144,"5":144,"6":1},"f":{"0":144},"b":{"0":[72,72]}}
,"/home/luisgustavom1/my-projects/tdd-clean-architecture-solid/src/presentation/components/footer/index.tsx": {"path":"/home/luisgustavom1/my-projects/tdd-clean-architecture-solid/src/presentation/components/footer/index.tsx","statementMap":{"0":{"start":{"line":1,"column":0},"end":{"line":1,"column":26}},"1":{"start":{"line":2,"column":0},"end":{"line":2,"column":35}},"2":{"start":{"line":4,"column":15},"end":{"line":5,"column":null}},"3":{"start":{"line":5,"column":4},"end":{"line":5,"column":47}},"4":{"start":{"line":8,"column":0},"end":{"line":8,"column":null}}},"fnMap":{"0":{"name":"(anonymous_1)","decl":{"start":{"line":4,"column":15},"end":{"line":4,"column":18}},"loc":{"start":{"line":5,"column":4},"end":{"line":5,"column":47}}}},"branchMap":{},"s":{"0":1,"1":1,"2":1,"3":72,"4":1},"f":{"0":72},"b":{}}
,"/home/luisgustavom1/my-projects/tdd-clean-architecture-solid/src/presentation/components/header/index.tsx": {"path":"/home/luisgustavom1/my-projects/tdd-clean-architecture-solid/src/presentation/components/header/index.tsx","statementMap":{"0":{"start":{"line":1,"column":0},"end":{"line":1,"column":25}},"1":{"start":{"line":2,"column":0},"end":{"line":2,"column":26}},"2":{"start":{"line":3,"column":0},"end":{"line":3,"column":34}},"3":{"start":{"line":5,"column":15},"end":{"line":15,"column":1}},"4":{"start":{"line":6,"column":4},"end":{"line":14,"column":null}},"5":{"start":{"line":17,"column":0},"end":{"line":17,"column":null}}},"fnMap":{"0":{"name":"(anonymous_1)","decl":{"start":{"line":5,"column":15},"end":{"line":5,"column":18}},"loc":{"start":{"line":5,"column":20},"end":{"line":15,"column":1}}}},"branchMap":{},"s":{"0":1,"1":1,"2":1,"3":1,"4":72,"5":1},"f":{"0":72},"b":{}}
,"/home/luisgustavom1/my-projects/tdd-clean-architecture-solid/src/presentation/components/input/index.tsx": {"path":"/home/luisgustavom1/my-projects/tdd-clean-architecture-solid/src/presentation/components/input/index.tsx","statementMap":{"0":{"start":{"line":1,"column":0},"end":{"line":1,"column":25}},"1":{"start":{"line":3,"column":0},"end":{"line":3,"column":64}},"2":{"start":{"line":5,"column":0},"end":{"line":5,"column":34}},"3":{"start":{"line":9,"column":14},"end":{"line":30,"column":1}},"4":{"start":{"line":9,"column":25},"end":{"line":9,"column":39}},"5":{"start":{"line":10,"column":47},"end":{"line":10,"column":72}},"6":{"start":{"line":12,"column":18},"end":{"line":12,"column":46}},"7":{"start":{"line":14,"column":24},"end":{"line":16,"column":5}},"8":{"start":{"line":15,"column":8},"end":{"line":15,"column":null}},"9":{"start":{"line":18,"column":25},"end":{"line":23,"column":5}},"10":{"start":{"line":19,"column":8},"end":{"line":22,"column":null}},"11":{"start":{"line":24,"column":4},"end":{"line":29,"column":null}},"12":{"start":{"line":32,"column":0},"end":{"line":32,"column":null}}},"fnMap":{"0":{"name":"(anonymous_2)","decl":{"start":{"line":9,"column":14},"end":{"line":9,"column":15}},"loc":{"start":{"line":9,"column":43},"end":{"line":30,"column":1}}},"1":{"name":"(anonymous_3)","decl":{"start":{"line":14,"column":24},"end":{"line":14,"column":25}},"loc":{"start":{"line":14,"column":66},"end":{"line":16,"column":5}}},"2":{"name":"(anonymous_4)","decl":{"start":{"line":18,"column":25},"end":{"line":18,"column":26}},"loc":{"start":{"line":18,"column":67},"end":{"line":23,"column":5}}}},"branchMap":{},"s":{"0":1,"1":1,"2":1,"3":1,"4":144,"5":144,"6":144,"7":144,"8":0,"9":144,"10":20,"11":144,"12":1},"f":{"0":144,"1":0,"2":20},"b":{}}
,"/home/luisgustavom1/my-projects/tdd-clean-architecture-solid/src/presentation/components/logo/index.tsx": {"path":"/home/luisgustavom1/my-projects/tdd-clean-architecture-solid/src/presentation/components/logo/index.tsx","statementMap":{"0":{"start":{"line":1,"column":0},"end":{"line":1,"column":25}},"1":{"start":{"line":3,"column":13},"end":{"line":8,"column":1}},"2":{"start":{"line":5,"column":4},"end":{"line":7,"column":null}},"3":{"start":{"line":10,"column":0},"end":{"line":10,"column":null}}},"fnMap":{"0":{"name":"(anonymous_1)","decl":{"start":{"line":3,"column":13},"end":{"line":3,"column":16}},"loc":{"start":{"line":3,"column":18},"end":{"line":8,"column":1}}}},"branchMap":{},"s":{"0":1,"1":1,"2":72,"3":1},"f":{"0":72},"b":{}}
,"/home/luisgustavom1/my-projects/tdd-clean-architecture-solid/src/presentation/components/spinner/index.tsx": {"path":"/home/luisgustavom1/my-projects/tdd-clean-architecture-solid/src/presentation/components/spinner/index.tsx","statementMap":{"0":{"start":{"line":1,"column":0},"end":{"line":1,"column":25}},"1":{"start":{"line":3,"column":0},"end":{"line":3,"column":34}},"2":{"start":{"line":5,"column":16},"end":{"line":11,"column":null}},"3":{"start":{"line":6,"column":4},"end":{"line":10,"column":null}},"4":{"start":{"line":14,"column":0},"end":{"line":14,"column":23}}},"fnMap":{"0":{"name":"(anonymous_1)","decl":{"start":{"line":5,"column":16},"end":{"line":5,"column":19}},"loc":{"start":{"line":6,"column":4},"end":{"line":10,"column":null}}}},"branchMap":{},"s":{"0":1,"1":1,"2":1,"3":9,"4":1},"f":{"0":9},"b":{}}
,"/home/luisgustavom1/my-projects/tdd-clean-architecture-solid/src/presentation/contexts/form/form-context.ts": {"path":"/home/luisgustavom1/my-projects/tdd-clean-architecture-solid/src/presentation/contexts/form/form-context.ts","statementMap":{"0":{"start":{"line":1,"column":0},"end":{"line":1,"column":26}},"1":{"start":{"line":11,"column":0},"end":{"line":11,"column":54}}},"fnMap":{},"branchMap":{},"s":{"0":1,"1":1},"f":{},"b":{}}
,"/home/luisgustavom1/my-projects/tdd-clean-architecture-solid/src/presentation/pages/login/index.tsx": {"path":"/home/luisgustavom1/my-projects/tdd-clean-architecture-solid/src/presentation/pages/login/index.tsx","statementMap":{"0":{"start":{"line":1,"column":0},"end":{"line":1,"column":25}},"1":{"start":{"line":2,"column":0},"end":{"line":2,"column":51}},"2":{"start":{"line":4,"column":0},"end":{"line":4,"column":53}},"3":{"start":{"line":5,"column":0},"end":{"line":5,"column":53}},"4":{"start":{"line":6,"column":0},"end":{"line":6,"column":53}},"5":{"start":{"line":7,"column":0},"end":{"line":7,"column":51}},"6":{"start":{"line":8,"column":0},"end":{"line":8,"column":55}},"7":{"start":{"line":9,"column":0},"end":{"line":9,"column":64}},"8":{"start":{"line":11,"column":0},"end":{"line":11,"column":39}},"9":{"start":{"line":30,"column":14},"end":{"line":92,"column":1}},"10":{"start":{"line":31,"column":20},"end":{"line":31,"column":32}},"11":{"start":{"line":32,"column":42},"end":{"line":35,"column":6}},"12":{"start":{"line":36,"column":38},"end":{"line":36,"column":56}},"13":{"start":{"line":37,"column":38},"end":{"line":37,"column":59}},"14":{"start":{"line":38,"column":32},"end":{"line":41,"column":6}},"15":{"start":{"line":42,"column":25},"end":{"line":56,"column":null}},"16":{"start":{"line":42,"column":75},"end":{"line":56,"column":null}},"17":{"start":{"line":43,"column":8},"end":{"line":43,"column":31}},"18":{"start":{"line":44,"column":8},"end":{"line":55,"column":null}},"19":{"start":{"line":45,"column":12},"end":{"line":47,"column":null}},"20":{"start":{"line":46,"column":16},"end":{"line":46,"column":23}},"21":{"start":{"line":48,"column":12},"end":{"line":48,"column":null}},"22":{"start":{"line":49,"column":28},"end":{"line":49,"column":68}},"23":{"start":{"line":50,"column":12},"end":{"line":50,"column":null}},"24":{"start":{"line":51,"column":12},"end":{"line":51,"column":null}},"25":{"start":{"line":53,"column":12},"end":{"line":53,"column":null}},"26":{"start":{"line":54,"column":12},"end":{"line":54,"column":null}},"27":{"start":{"line":57,"column":4},"end":{"line":63,"column":null}},"28":{"start":{"line":58,"column":8},"end":{"line":62,"column":null}},"29":{"start":{"line":65,"column":4},"end":{"line":91,"column":null}},"30":{"start":{"line":95,"column":0},"end":{"line":95,"column":null}}},"fnMap":{"0":{"name":"(anonymous_8)","decl":{"start":{"line":30,"column":14},"end":{"line":30,"column":15}},"loc":{"start":{"line":30,"column":61},"end":{"line":92,"column":1}}},"1":{"name":"(anonymous_9)","decl":{"start":{"line":42,"column":25},"end":{"line":42,"column":32}},"loc":{"start":{"line":42,"column":75},"end":{"line":56,"column":null}}},"2":{"name":"(anonymous_10)","decl":{"start":{"line":42,"column":75},"end":{"line":42,"column":null}},"loc":{"start":{"line":42,"column":75},"end":{"line":56,"column":5}}},"3":{"name":"(anonymous_11)","decl":{"start":{"line":57,"column":20},"end":{"line":57,"column":23}},"loc":{"start":{"line":57,"column":25},"end":{"line":63,"column":5}}}},"branchMap":{"0":{"loc":{"start":{"line":45,"column":12},"end":{"line":47,"column":null}},"type":"if","locations":[{"start":{"line":45,"column":12},"end":{"line":47,"column":null}}]},"1":{"loc":{"start":{"line":45,"column":16},"end":{"line":45,"column":70}},"type":"binary-expr","locations":[{"start":{"line":45,"column":16},"end":{"line":45,"column":25}},{"start":{"line":45,"column":29},"end":{"line":45,"column":46}},{"start":{"line":45,"column":50},"end":{"line":45,"column":70}}]},"2":{"loc":{"start":{"line":75,"column":88},"end":{"line":75,"column":129}},"type":"binary-expr","locations":[{"start":{"line":75,"column":88},"end":{"line":75,"column":105}},{"start":{"line":75,"column":109},"end":{"line":75,"column":129}}]},"3":{"loc":{"start":{"line":77,"column":29},"end":{"line":77,"column":53}},"type":"binary-expr","locations":[{"start":{"line":77,"column":29},"end":{"line":77,"column":38}},{"start":{"line":77,"column":42},"end":{"line":77,"column":53}}]},"4":{"loc":{"start":{"line":78,"column":29},"end":{"line":79,"column":null}},"type":"binary-expr","locations":[{"start":{"line":78,"column":29},"end":{"line":78,"column":38}},{"start":{"line":78,"column":42},"end":{"line":79,"column":null}}]}},"s":{"0":1,"1":1,"2":1,"3":1,"4":1,"5":1,"6":1,"7":1,"8":1,"9":1,"10":72,"11":72,"12":72,"13":72,"14":72,"15":72,"16":7,"17":7,"18":7,"19":7,"20":2,"21":5,"22":5,"23":4,"24":4,"25":1,"26":1,"27":72,"28":33,"29":72,"30":1},"f":{"0":72,"1":7,"2":7,"3":33},"b":{"0":[2],"1":[7,6,5],"2":[72,60],"3":[72,9],"4":[72,1]}}
,"/home/luisgustavom1/my-projects/tdd-clean-architecture-solid/src/presentation/test/index.ts": {"path":"/home/luisgustavom1/my-projects/tdd-clean-architecture-solid/src/presentation/test/index.ts","statementMap":{"0":{"start":{"line":1,"column":0},"end":{"line":1,"column":39}},"1":{"start":{"line":2,"column":0},"end":{"line":2,"column":43}}},"fnMap":{},"branchMap":{},"s":{"0":0,"1":0},"f":{},"b":{}}
,"/home/luisgustavom1/my-projects/tdd-clean-architecture-solid/src/presentation/test/mock-authentication.ts": {"path":"/home/luisgustavom1/my-projects/tdd-clean-architecture-solid/src/presentation/test/mock-authentication.ts","statementMap":{"0":{"start":{"line":2,"column":0},"end":{"line":2,"column":48}},"1":{"start":{"line":6,"column":4},"end":{"line":6,"column":null}},"2":{"start":{"line":8,"column":4},"end":{"line":8,"column":null}},"3":{"start":{"line":11,"column":8},"end":{"line":11,"column":null}},"4":{"start":{"line":12,"column":8},"end":{"line":12,"column":null}},"5":{"start":{"line":13,"column":8},"end":{"line":13,"column":null}},"6":{"start":{"line":18,"column":0},"end":{"line":18,"column":null}}},"fnMap":{"0":{"name":"(anonymous_0)","decl":{"start":{"line":5,"column":0},"end":{"line":5,"column":6}},"loc":{"start":{"line":5,"column":0},"end":{"line":16,"column":1}}},"1":{"name":"(anonymous_1)","decl":{"start":{"line":10,"column":4},"end":{"line":10,"column":8}},"loc":{"start":{"line":10,"column":37},"end":{"line":14,"column":5}}}},"branchMap":{},"s":{"0":1,"1":13,"2":13,"3":4,"4":4,"5":4,"6":1},"f":{"0":13,"1":4},"b":{}}
,"/home/luisgustavom1/my-projects/tdd-clean-architecture-solid/src/presentation/test/mock-validation.ts": {"path":"/home/luisgustavom1/my-projects/tdd-clean-architecture-solid/src/presentation/test/mock-validation.ts","statementMap":{"0":{"start":{"line":7,"column":8},"end":{"line":7,"column":null}},"1":{"start":{"line":11,"column":0},"end":{"line":11,"column":null}}},"fnMap":{"0":{"name":"(anonymous_0)","decl":{"start":{"line":6,"column":4},"end":{"line":6,"column":12}},"loc":{"start":{"line":6,"column":50},"end":{"line":8,"column":5}}}},"branchMap":{},"s":{"0":66,"1":1},"f":{"0":66},"b":{}}
,"/home/luisgustavom1/my-projects/tdd-clean-architecture-solid/src/validation/errors/index.ts": {"path":"/home/luisgustavom1/my-projects/tdd-clean-architecture-solid/src/validation/errors/index.ts","statementMap":{"0":{"start":{"line":1,"column":0},"end":{"line":1,"column":56}},"1":{"start":{"line":2,"column":0},"end":{"line":2,"column":55}},"2":{"start":{"line":3,"column":0},"end":{"line":3,"column":46}}},"fnMap":{},"branchMap":{},"s":{"0":5,"1":5,"2":5},"f":{},"b":{}}
,"/home/luisgustavom1/my-projects/tdd-clean-architecture-solid/src/validation/errors/invalid-field-error.ts": {"path":"/home/luisgustavom1/my-projects/tdd-clean-architecture-solid/src/validation/errors/invalid-field-error.ts","statementMap":{"0":{"start":{"line":3,"column":4},"end":{"line":3,"column":null}},"1":{"start":{"line":4,"column":4},"end":{"line":4,"column":null}},"2":{"start":{"line":1,"column":0},"end":{"line":1,"column":13}}},"fnMap":{"0":{"name":"(anonymous_0)","decl":{"start":{"line":2,"column":2},"end":{"line":2,"column":null}},"loc":{"start":{"line":2,"column":2},"end":{"line":5,"column":3}}}},"branchMap":{},"s":{"0":2,"1":2,"2":5},"f":{"0":2},"b":{}}
,"/home/luisgustavom1/my-projects/tdd-clean-architecture-solid/src/validation/errors/min-length.ts": {"path":"/home/luisgustavom1/my-projects/tdd-clean-architecture-solid/src/validation/errors/min-length.ts","statementMap":{"0":{"start":{"line":3,"column":4},"end":{"line":3,"column":null}},"1":{"start":{"line":2,"column":24},"end":{"line":2,"column":41}},"2":{"start":{"line":4,"column":4},"end":{"line":4,"column":null}},"3":{"start":{"line":1,"column":0},"end":{"line":1,"column":13}}},"fnMap":{"0":{"name":"(anonymous_0)","decl":{"start":{"line":2,"column":2},"end":{"line":2,"column":24}},"loc":{"start":{"line":2,"column":41},"end":{"line":5,"column":3}}}},"branchMap":{},"s":{"0":2,"1":2,"2":2,"3":5},"f":{"0":2},"b":{}}
,"/home/luisgustavom1/my-projects/tdd-clean-architecture-solid/src/validation/errors/required-field-error.ts": {"path":"/home/luisgustavom1/my-projects/tdd-clean-architecture-solid/src/validation/errors/required-field-error.ts","statementMap":{"0":{"start":{"line":3,"column":4},"end":{"line":3,"column":null}},"1":{"start":{"line":4,"column":4},"end":{"line":4,"column":null}},"2":{"start":{"line":1,"column":0},"end":{"line":1,"column":13}}},"fnMap":{"0":{"name":"(anonymous_0)","decl":{"start":{"line":2,"column":2},"end":{"line":2,"column":null}},"loc":{"start":{"line":2,"column":2},"end":{"line":5,"column":3}}}},"branchMap":{},"s":{"0":2,"1":2,"2":5},"f":{"0":2},"b":{}}
,"/home/luisgustavom1/my-projects/tdd-clean-architecture-solid/src/validation/test/field-validation.ts": {"path":"/home/luisgustavom1/my-projects/tdd-clean-architecture-solid/src/validation/test/field-validation.ts","statementMap":{"0":{"start":{"line":5,"column":23},"end":{"line":5,"column":40}},"1":{"start":{"line":4,"column":2},"end":{"line":4,"column":null}},"2":{"start":{"line":8,"column":4},"end":{"line":8,"column":null}},"3":{"start":{"line":3,"column":0},"end":{"line":3,"column":13}}},"fnMap":{"0":{"name":"(anonymous_0)","decl":{"start":{"line":5,"column":2},"end":{"line":5,"column":23}},"loc":{"start":{"line":5,"column":40},"end":{"line":5,"column":45}}},"1":{"name":"(anonymous_1)","decl":{"start":{"line":7,"column":2},"end":{"line":7,"column":10}},"loc":{"start":{"line":7,"column":29},"end":{"line":9,"column":3}}}},"branchMap":{},"s":{"0":4,"1":4,"2":3,"3":1},"f":{"0":4,"1":3},"b":{}}
,"/home/luisgustavom1/my-projects/tdd-clean-architecture-solid/src/validation/validators/index.ts": {"path":"/home/luisgustavom1/my-projects/tdd-clean-architecture-solid/src/validation/validators/index.ts","statementMap":{"0":{"start":{"line":1,"column":0},"end":{"line":1,"column":41}},"1":{"start":{"line":2,"column":0},"end":{"line":2,"column":50}},"2":{"start":{"line":3,"column":0},"end":{"line":3,"column":56}},"3":{"start":{"line":4,"column":0},"end":{"line":4,"column":59}}},"fnMap":{},"branchMap":{},"s":{"0":2,"1":2,"2":2,"3":2},"f":{},"b":{}}
,"/home/luisgustavom1/my-projects/tdd-clean-architecture-solid/src/validation/validators/builder/validator-builder.ts": {"path":"/home/luisgustavom1/my-projects/tdd-clean-architecture-solid/src/validation/validators/builder/validator-builder.ts","statementMap":{"0":{"start":{"line":2,"column":0},"end":{"line":2,"column":103}},"1":{"start":{"line":6,"column":21},"end":{"line":6,"column":38}},"2":{"start":{"line":7,"column":21},"end":{"line":7,"column":51}},"3":{"start":{"line":11,"column":4},"end":{"line":11,"column":null}},"4":{"start":{"line":15,"column":4},"end":{"line":15,"column":null}},"5":{"start":{"line":16,"column":4},"end":{"line":16,"column":16}},"6":{"start":{"line":20,"column":4},"end":{"line":20,"column":null}},"7":{"start":{"line":21,"column":4},"end":{"line":21,"column":16}},"8":{"start":{"line":25,"column":4},"end":{"line":25,"column":null}},"9":{"start":{"line":26,"column":4},"end":{"line":26,"column":16}},"10":{"start":{"line":30,"column":4},"end":{"line":30,"column":null}},"11":{"start":{"line":4,"column":0},"end":{"line":4,"column":13}}},"fnMap":{"0":{"name":"(anonymous_0)","decl":{"start":{"line":5,"column":2},"end":{"line":5,"column":null}},"loc":{"start":{"line":7,"column":51},"end":{"line":8,"column":7}}},"1":{"name":"(anonymous_1)","decl":{"start":{"line":10,"column":2},"end":{"line":10,"column":8}},"loc":{"start":{"line":10,"column":32},"end":{"line":12,"column":3}}},"2":{"name":"(anonymous_2)","decl":{"start":{"line":14,"column":2},"end":{"line":14,"column":10}},"loc":{"start":{"line":14,"column":10},"end":{"line":17,"column":3}}},"3":{"name":"(anonymous_3)","decl":{"start":{"line":19,"column":2},"end":{"line":19,"column":7}},"loc":{"start":{"line":19,"column":7},"end":{"line":22,"column":3}}},"4":{"name":"(anonymous_4)","decl":{"start":{"line":24,"column":2},"end":{"line":24,"column":11}},"loc":{"start":{"line":24,"column":26},"end":{"line":27,"column":3}}},"5":{"name":"(anonymous_5)","decl":{"start":{"line":29,"column":2},"end":{"line":29,"column":7}},"loc":{"start":{"line":29,"column":7},"end":{"line":31,"column":3}}}},"branchMap":{},"s":{"0":2,"1":8,"2":8,"3":8,"4":6,"5":6,"6":4,"7":4,"8":4,"9":4,"10":8,"11":2},"f":{"0":8,"1":8,"2":6,"3":4,"4":4,"5":8},"b":{}}
,"/home/luisgustavom1/my-projects/tdd-clean-architecture-solid/src/validation/validators/email/email-validations.ts": {"path":"/home/luisgustavom1/my-projects/tdd-clean-architecture-solid/src/validation/validators/email/email-validations.ts","statementMap":{"0":{"start":{"line":1,"column":0},"end":{"line":1,"column":56}},"1":{"start":{"line":5,"column":23},"end":{"line":5,"column":40}},"2":{"start":{"line":8,"column":25},"end":{"line":8,"column":143}},"3":{"start":{"line":9,"column":4},"end":{"line":9,"column":null}},"4":{"start":{"line":4,"column":0},"end":{"line":4,"column":13}}},"fnMap":{"0":{"name":"(anonymous_0)","decl":{"start":{"line":5,"column":2},"end":{"line":5,"column":23}},"loc":{"start":{"line":5,"column":40},"end":{"line":5,"column":44}}},"1":{"name":"(anonymous_1)","decl":{"start":{"line":7,"column":2},"end":{"line":7,"column":10}},"loc":{"start":{"line":7,"column":30},"end":{"line":10,"column":3}}}},"branchMap":{"0":{"loc":{"start":{"line":9,"column":11},"end":{"line":9,"column":88}},"type":"cond-expr","locations":[{"start":{"line":9,"column":58},"end":{"line":9,"column":62}},{"start":{"line":9,"column":65},"end":{"line":9,"column":88}}]},"1":{"loc":{"start":{"line":9,"column":12},"end":{"line":9,"column":54}},"type":"binary-expr","locations":[{"start":{"line":9,"column":12},"end":{"line":9,"column":23}},{"start":{"line":9,"column":27},"end":{"line":9,"column":54}}]}},"s":{"0":3,"1":9,"2":3,"3":3,"4":3},"f":{"0":9,"1":3},"b":{"0":[2,1],"1":[3,2]}}
,"/home/luisgustavom1/my-projects/tdd-clean-architecture-solid/src/validation/validators/min-length/min-length-validation.ts": {"path":"/home/luisgustavom1/my-projects/tdd-clean-architecture-solid/src/validation/validators/min-length/min-length-validation.ts","statementMap":{"0":{"start":{"line":1,"column":0},"end":{"line":1,"column":53}},"1":{"start":{"line":5,"column":23},"end":{"line":5,"column":40}},"2":{"start":{"line":5,"column":51},"end":{"line":5,"column":68}},"3":{"start":{"line":8,"column":4},"end":{"line":8,"column":null}},"4":{"start":{"line":4,"column":0},"end":{"line":4,"column":13}}},"fnMap":{"0":{"name":"(anonymous_0)","decl":{"start":{"line":5,"column":2},"end":{"line":5,"column":23}},"loc":{"start":{"line":5,"column":68},"end":{"line":5,"column":72}}},"1":{"name":"(anonymous_1)","decl":{"start":{"line":7,"column":2},"end":{"line":7,"column":10}},"loc":{"start":{"line":7,"column":29},"end":{"line":9,"column":3}}}},"branchMap":{"0":{"loc":{"start":{"line":8,"column":11},"end":{"line":8,"column":90}},"type":"cond-expr","locations":[{"start":{"line":8,"column":49},"end":{"line":8,"column":53}},{"start":{"line":8,"column":56},"end":{"line":8,"column":90}}]}},"s":{"0":3,"1":8,"2":8,"3":2,"4":3},"f":{"0":8,"1":2},"b":{"0":[1,1]}}
,"/home/luisgustavom1/my-projects/tdd-clean-architecture-solid/src/validation/validators/require-field/require-field-validation.ts": {"path":"/home/luisgustavom1/my-projects/tdd-clean-architecture-solid/src/validation/validators/require-field/require-field-validation.ts","statementMap":{"0":{"start":{"line":1,"column":0},"end":{"line":1,"column":57}},"1":{"start":{"line":5,"column":23},"end":{"line":5,"column":40}},"2":{"start":{"line":8,"column":4},"end":{"line":8,"column":null}},"3":{"start":{"line":4,"column":0},"end":{"line":4,"column":13}}},"fnMap":{"0":{"name":"(anonymous_0)","decl":{"start":{"line":5,"column":2},"end":{"line":5,"column":23}},"loc":{"start":{"line":5,"column":40},"end":{"line":5,"column":44}}},"1":{"name":"(anonymous_1)","decl":{"start":{"line":7,"column":2},"end":{"line":7,"column":10}},"loc":{"start":{"line":7,"column":29},"end":{"line":9,"column":3}}}},"branchMap":{"0":{"loc":{"start":{"line":8,"column":11},"end":{"line":8,"column":55}},"type":"cond-expr","locations":[{"start":{"line":8,"column":24},"end":{"line":8,"column":28}},{"start":{"line":8,"column":31},"end":{"line":8,"column":55}}]}},"s":{"0":3,"1":10,"2":2,"3":3},"f":{"0":10,"1":2},"b":{"0":[1,1]}}
,"/home/luisgustavom1/my-projects/tdd-clean-architecture-solid/src/validation/validators/validation-composite/validation-composite.ts": {"path":"/home/luisgustavom1/my-projects/tdd-clean-architecture-solid/src/validation/validators/validation-composite/validation-composite.ts","statementMap":{"0":{"start":{"line":5,"column":39},"end":{"line":5,"column":68}},"1":{"start":{"line":8,"column":4},"end":{"line":8,"column":null}},"2":{"start":{"line":12,"column":23},"end":{"line":12,"column":77}},"3":{"start":{"line":12,"column":51},"end":{"line":12,"column":76}},"4":{"start":{"line":13,"column":4},"end":{"line":16,"column":null}},"5":{"start":{"line":14,"column":20},"end":{"line":14,"column":50}},"6":{"start":{"line":15,"column":6},"end":{"line":15,"column":null}},"7":{"start":{"line":15,"column":17},"end":{"line":15,"column":null}},"8":{"start":{"line":4,"column":0},"end":{"line":4,"column":13}}},"fnMap":{"0":{"name":"(anonymous_0)","decl":{"start":{"line":5,"column":2},"end":{"line":5,"column":39}},"loc":{"start":{"line":5,"column":68},"end":{"line":5,"column":73}}},"1":{"name":"(anonymous_1)","decl":{"start":{"line":7,"column":2},"end":{"line":7,"column":8}},"loc":{"start":{"line":7,"column":44},"end":{"line":9,"column":3}}},"2":{"name":"(anonymous_2)","decl":{"start":{"line":11,"column":2},"end":{"line":11,"column":10}},"loc":{"start":{"line":11,"column":48},"end":{"line":17,"column":3}}},"3":{"name":"(anonymous_3)","decl":{"start":{"line":12,"column":46},"end":{"line":12,"column":47}},"loc":{"start":{"line":12,"column":51},"end":{"line":12,"column":76}}}},"branchMap":{"0":{"loc":{"start":{"line":15,"column":6},"end":{"line":15,"column":null}},"type":"if","locations":[{"start":{"line":15,"column":6},"end":{"line":15,"column":null}}]}},"s":{"0":4,"1":4,"2":2,"3":4,"4":2,"5":3,"6":3,"7":1,"8":3},"f":{"0":4,"1":4,"2":2,"3":4},"b":{"0":[1]}}
}
