TN:
SF:src/data/protocols/http/http-response.ts
FN:1,(anonymous_0)
FNF:1
FNH:1
FNDA:2,(anonymous_0)
DA:1,2
DA:2,2
DA:3,2
DA:4,2
DA:5,2
DA:6,2
DA:7,2
LF:7
LH:7
BRDA:1,0,0,2
BRDA:1,0,1,2
BRF:2
BRH:2
end_of_record
TN:
SF:src/data/protocols/http/index.ts
FNF:0
FNH:0
DA:1,2
DA:2,2
LF:2
LH:2
BRF:0
BRH:0
end_of_record
TN:
SF:src/data/test/index.ts
FNF:0
FNH:0
DA:1,2
DA:2,2
LF:2
LH:2
BRF:0
BRH:0
end_of_record
TN:
SF:src/data/test/mock-http-client.ts
FN:3,(anonymous_7)
FN:9,(anonymous_8)
FNF:2
FNH:2
FNDA:7,(anonymous_7)
FNDA:7,(anonymous_8)
DA:1,2
DA:3,2
DA:6,7
DA:10,7
DA:11,7
DA:13,7
LF:6
LH:6
BRF:0
BRH:0
end_of_record
TN:
SF:src/data/test/mock-http-post.ts
FN:4,(anonymous_1)
FNF:1
FNH:1
FNDA:3,(anonymous_1)
DA:1,2
DA:4,3
LF:2
LH:2
BRF:0
BRH:0
end_of_record
TN:
SF:src/data/usecases/authentication/remote-authentication.ts
FN:8,(anonymous_7)
FN:13,(anonymous_8)
FNF:2
FNH:2
FNDA:7,(anonymous_7)
FNDA:7,(anonymous_8)
DA:1,1
DA:2,1
DA:3,1
DA:9,7
DA:10,7
DA:14,7
DA:19,7
DA:20,3
DA:21,1
DA:23,3
DA:28,1
LF:11
LH:11
BRDA:19,0,0,3
BRDA:19,0,1,1
BRDA:19,0,2,3
BRF:3
BRH:3
end_of_record
TN:
SF:src/domain/errors/index.ts
FNF:0
FNH:0
DA:1,2
DA:2,2
LF:2
LH:2
BRF:0
BRH:0
end_of_record
TN:
SF:src/domain/errors/invalid-credentials-error.ts
FN:2,(anonymous_0)
FNF:1
FNH:1
FNDA:3,(anonymous_0)
DA:1,2
DA:3,3
DA:4,3
LF:3
LH:3
BRF:0
BRH:0
end_of_record
TN:
SF:src/domain/errors/unexpected-error.ts
FN:2,(anonymous_0)
FNF:1
FNH:1
FNDA:6,(anonymous_0)
DA:1,2
DA:3,6
DA:4,6
LF:3
LH:3
BRF:0
BRH:0
end_of_record
TN:
SF:src/domain/test/index.ts
FNF:0
FNH:0
DA:1,1
LF:1
LH:1
BRF:0
BRH:0
end_of_record
TN:
SF:src/domain/test/mock-account.ts
FN:5,(anonymous_1)
FN:10,(anonymous_2)
FNF:2
FNH:2
FNDA:7,(anonymous_1)
FNDA:14,(anonymous_2)
DA:2,2
DA:5,7
DA:10,14
LF:3
LH:3
BRF:0
BRH:0
end_of_record
TN:
SF:src/infra/http/axios-http-client/axios-http-client.ts
FN:5,(anonymous_8)
FNF:1
FNH:1
FNDA:3,(anonymous_8)
DA:2,1
DA:4,1
DA:8,3
DA:9,3
DA:12,1
DA:15,3
LF:6
LH:6
BRF:0
BRH:0
end_of_record
TN:
SF:src/infra/http/test/index.ts
FNF:0
FNH:0
DA:1,1
LF:1
LH:1
BRF:0
BRH:0
end_of_record
TN:
SF:src/infra/http/test/mock-axios.ts
FN:4,(anonymous_1)
FN:11,(anonymous_2)
FNF:2
FNH:2
FNDA:4,(anonymous_1)
FNDA:3,(anonymous_2)
DA:1,1
DA:2,1
DA:4,4
DA:11,1
DA:12,3
DA:14,3
DA:16,3
LF:7
LH:7
BRF:0
BRH:0
end_of_record
TN:
SF:src/presentation/components/button/index.tsx
FN:9,(anonymous_2)
FNF:1
FNH:1
FNDA:144,(anonymous_2)
DA:1,1
DA:2,1
DA:9,144
DA:15,1
LF:4
LH:4
BRDA:10,0,0,72
BRDA:10,0,1,72
BRF:2
BRH:2
end_of_record
TN:
SF:src/presentation/components/footer/index.tsx
FN:4,(anonymous_1)
FNF:1
FNH:1
FNDA:72,(anonymous_1)
DA:1,1
DA:2,1
DA:4,1
DA:5,72
DA:8,1
LF:5
LH:5
BRF:0
BRH:0
end_of_record
TN:
SF:src/presentation/components/header/index.tsx
FN:5,(anonymous_1)
FNF:1
FNH:1
FNDA:72,(anonymous_1)
DA:1,1
DA:2,1
DA:3,1
DA:5,1
DA:6,72
DA:17,1
LF:6
LH:6
BRF:0
BRH:0
end_of_record
TN:
SF:src/presentation/components/input/index.tsx
FN:9,(anonymous_2)
FN:14,(anonymous_3)
FN:18,(anonymous_4)
FNF:3
FNH:2
FNDA:144,(anonymous_2)
FNDA:0,(anonymous_3)
FNDA:20,(anonymous_4)
DA:1,1
DA:3,1
DA:5,1
DA:9,144
DA:10,144
DA:12,144
DA:14,144
DA:15,0
DA:18,144
DA:19,20
DA:24,144
DA:32,1
LF:12
LH:11
BRF:0
BRH:0
end_of_record
TN:
SF:src/presentation/components/logo/index.tsx
FN:3,(anonymous_1)
FNF:1
FNH:1
FNDA:72,(anonymous_1)
DA:1,1
DA:3,1
DA:5,72
DA:10,1
LF:4
LH:4
BRF:0
BRH:0
end_of_record
TN:
SF:src/presentation/components/spinner/index.tsx
FN:5,(anonymous_1)
FNF:1
FNH:1
FNDA:9,(anonymous_1)
DA:1,1
DA:3,1
DA:5,1
DA:6,9
DA:14,1
LF:5
LH:5
BRF:0
BRH:0
end_of_record
TN:
SF:src/presentation/contexts/form/form-context.ts
FNF:0
FNH:0
DA:1,1
DA:11,1
LF:2
LH:2
BRF:0
BRH:0
end_of_record
TN:
SF:src/presentation/pages/login/index.tsx
FN:30,(anonymous_8)
FN:42,(anonymous_9)
FN:42,(anonymous_10)
FN:57,(anonymous_11)
FNF:4
FNH:4
FNDA:72,(anonymous_8)
FNDA:7,(anonymous_9)
FNDA:7,(anonymous_10)
FNDA:33,(anonymous_11)
DA:1,1
DA:2,1
DA:4,1
DA:5,1
DA:6,1
DA:7,1
DA:8,1
DA:9,1
DA:11,1
DA:30,1
DA:31,72
DA:32,72
DA:36,72
DA:37,72
DA:38,72
DA:42,72
DA:43,7
DA:44,7
DA:45,7
DA:46,2
DA:48,5
DA:49,5
DA:50,4
DA:51,4
DA:53,1
DA:54,1
DA:57,72
DA:58,33
DA:65,72
DA:95,1
LF:30
LH:30
BRDA:45,0,0,2
BRDA:45,1,0,7
BRDA:45,1,1,6
BRDA:45,1,2,5
BRDA:75,2,0,72
BRDA:75,2,1,60
BRDA:77,3,0,72
BRDA:77,3,1,9
BRDA:78,4,0,72
BRDA:78,4,1,1
BRF:10
BRH:10
end_of_record
TN:
SF:src/presentation/test/index.ts
FNF:0
FNH:0
DA:1,0
DA:2,0
LF:2
LH:0
BRF:0
BRH:0
end_of_record
TN:
SF:src/presentation/test/mock-authentication.ts
FN:5,(anonymous_0)
FN:10,(anonymous_1)
FNF:2
FNH:2
FNDA:13,(anonymous_0)
FNDA:4,(anonymous_1)
DA:2,1
DA:6,13
DA:8,13
DA:11,4
DA:12,4
DA:13,4
DA:18,1
LF:7
LH:7
BRF:0
BRH:0
end_of_record
TN:
SF:src/presentation/test/mock-validation.ts
FN:6,(anonymous_0)
FNF:1
FNH:1
FNDA:66,(anonymous_0)
DA:7,66
DA:11,1
LF:2
LH:2
BRF:0
BRH:0
end_of_record
TN:
SF:src/validation/errors/index.ts
FNF:0
FNH:0
DA:1,5
DA:2,5
DA:3,5
LF:3
LH:3
BRF:0
BRH:0
end_of_record
TN:
SF:src/validation/errors/invalid-field-error.ts
FN:2,(anonymous_0)
FNF:1
FNH:1
FNDA:2,(anonymous_0)
DA:1,5
DA:3,2
DA:4,2
LF:3
LH:3
BRF:0
BRH:0
end_of_record
TN:
SF:src/validation/errors/min-length.ts
FN:2,(anonymous_0)
FNF:1
FNH:1
FNDA:2,(anonymous_0)
DA:1,5
DA:2,2
DA:3,2
DA:4,2
LF:4
LH:4
BRF:0
BRH:0
end_of_record
TN:
SF:src/validation/errors/required-field-error.ts
FN:2,(anonymous_0)
FNF:1
FNH:1
FNDA:2,(anonymous_0)
DA:1,5
DA:3,2
DA:4,2
LF:3
LH:3
BRF:0
BRH:0
end_of_record
TN:
SF:src/validation/test/field-validation.ts
FN:5,(anonymous_0)
FN:7,(anonymous_1)
FNF:2
FNH:2
FNDA:4,(anonymous_0)
FNDA:3,(anonymous_1)
DA:3,1
DA:4,4
DA:5,4
DA:8,3
LF:4
LH:4
BRF:0
BRH:0
end_of_record
TN:
SF:src/validation/validators/index.ts
FNF:0
FNH:0
DA:1,2
DA:2,2
DA:3,2
DA:4,2
LF:4
LH:4
BRF:0
BRH:0
end_of_record
TN:
SF:src/validation/validators/builder/validator-builder.ts
FN:5,(anonymous_0)
FN:10,(anonymous_1)
FN:14,(anonymous_2)
FN:19,(anonymous_3)
FN:24,(anonymous_4)
FN:29,(anonymous_5)
FNF:6
FNH:6
FNDA:8,(anonymous_0)
FNDA:8,(anonymous_1)
FNDA:6,(anonymous_2)
FNDA:4,(anonymous_3)
FNDA:4,(anonymous_4)
FNDA:8,(anonymous_5)
DA:2,2
DA:4,2
DA:6,8
DA:7,8
DA:11,8
DA:15,6
DA:16,6
DA:20,4
DA:21,4
DA:25,4
DA:26,4
DA:30,8
LF:12
LH:12
BRF:0
BRH:0
end_of_record
TN:
SF:src/validation/validators/email/email-validations.ts
FN:5,(anonymous_0)
FN:7,(anonymous_1)
FNF:2
FNH:2
FNDA:9,(anonymous_0)
FNDA:3,(anonymous_1)
DA:1,3
DA:4,3
DA:5,9
DA:8,3
DA:9,3
LF:5
LH:5
BRDA:9,0,0,2
BRDA:9,0,1,1
BRDA:9,1,0,3
BRDA:9,1,1,2
BRF:4
BRH:4
end_of_record
TN:
SF:src/validation/validators/min-length/min-length-validation.ts
FN:5,(anonymous_0)
FN:7,(anonymous_1)
FNF:2
FNH:2
FNDA:8,(anonymous_0)
FNDA:2,(anonymous_1)
DA:1,3
DA:4,3
DA:5,8
DA:8,2
LF:4
LH:4
BRDA:8,0,0,1
BRDA:8,0,1,1
BRF:2
BRH:2
end_of_record
TN:
SF:src/validation/validators/require-field/require-field-validation.ts
FN:5,(anonymous_0)
FN:7,(anonymous_1)
FNF:2
FNH:2
FNDA:10,(anonymous_0)
FNDA:2,(anonymous_1)
DA:1,3
DA:4,3
DA:5,10
DA:8,2
LF:4
LH:4
BRDA:8,0,0,1
BRDA:8,0,1,1
BRF:2
BRH:2
end_of_record
TN:
SF:src/validation/validators/validation-composite/validation-composite.ts
FN:5,(anonymous_0)
FN:7,(anonymous_1)
FN:11,(anonymous_2)
FN:12,(anonymous_3)
FNF:4
FNH:4
FNDA:4,(anonymous_0)
FNDA:4,(anonymous_1)
FNDA:2,(anonymous_2)
FNDA:4,(anonymous_3)
DA:4,3
DA:5,4
DA:8,4
DA:12,4
DA:13,2
DA:14,3
DA:15,3
LF:7
LH:7
BRDA:15,0,0,1
BRF:1
BRH:1
end_of_record
